Using pre-set license
Built from '2020.3/staging' branch; Version is '2020.3.29f1 (2ff179115da0) revision 3142009'; Using compiler version '192528614'; Build Type 'Release'
OS: 'Windows 11  (10.0.22000) 64bit Professional' Language: 'tr' Physical Memory: 8123 MB
BatchMode: 1, IsHumanControllingUs: 0, StartBugReporterOnCrash: 0, Is64bit: 1, IsPro: 0

COMMAND LINE ARGUMENTS:
D:\Unity\2020.3.29f1\Editor\Unity.exe
-adb2
-batchMode
-noUpm
-name
AssetImportWorker0
-projectPath
D:/Unity/Safe-to-Tang-ki/NoNameShaman
-logFile
Logs/AssetImportWorker0.log
-srvPort
55081
Successfully changed project path to: D:/Unity/Safe-to-Tang-ki/NoNameShaman
D:/Unity/Safe-to-Tang-ki/NoNameShaman
Using Asset Import Pipeline V2.
Refreshing native plugins compatible for Editor in 93.28 ms, found 3 plugins.
Preloading 0 native plugins for Editor in 0.00 ms.
Initialize engine version: 2020.3.29f1 (2ff179115da0)
[Subsystems] Discovering subsystems at path D:/Unity/2020.3.29f1/Editor/Data/Resources/UnitySubsystems
[Subsystems] Discovering subsystems at path D:/Unity/Safe-to-Tang-ki/NoNameShaman/Assets
GfxDevice: creating device client; threaded=0
Direct3D:
    Version:  Direct3D 11.0 [level 11.1]
    Renderer: NVIDIA GeForce GTX 1050 Ti (ID=0x1c82)
    Vendor:   
    VRAM:     4018 MB
    Driver:   30.0.14.7212
Initialize mono
Mono path[0] = 'D:/Unity/2020.3.29f1/Editor/Data/Managed'
Mono path[1] = 'D:/Unity/2020.3.29f1/Editor/Data/MonoBleedingEdge/lib/mono/unityjit'
Mono config path = 'D:/Unity/2020.3.29f1/Editor/Data/MonoBleedingEdge/etc'
Using monoOptions --debugger-agent=transport=dt_socket,embedding=1,server=y,suspend=n,address=127.0.0.1:56972
Begin MonoManager ReloadAssembly
Registering precompiled unity dll's ...
Register platform support module: D:/Unity/2020.3.29f1/Editor/Data/PlaybackEngines/WebGLSupport/UnityEditor.WebGL.Extensions.dll
Register platform support module: D:/Unity/2020.3.29f1/Editor/Data/PlaybackEngines/WindowsStandaloneSupport/UnityEditor.WindowsStandalone.Extensions.dll
Registered in 0.002740 seconds.
Native extension for WindowsStandalone target not found
Native extension for WebGL target not found
Refreshing native plugins compatible for Editor in 72.90 ms, found 3 plugins.
Preloading 0 native plugins for Editor in 0.00 ms.
Mono: successfully reloaded assembly
- Completed reload, in  0.905 seconds
Domain Reload Profiling:
	ReloadAssembly (906ms)
		BeginReloadAssembly (127ms)
			ExecutionOrderSort (0ms)
			DisableScriptedObjects (0ms)
			BackupInstance (0ms)
			ReleaseScriptingObjects (0ms)
			CreateAndSetChildDomain (1ms)
		EndReloadAssembly (676ms)
			LoadAssemblies (127ms)
			RebuildTransferFunctionScriptingTraits (0ms)
			SetupTypeCache (223ms)
			ReleaseScriptCaches (0ms)
			RebuildScriptCaches (39ms)
			SetupLoadedEditorAssemblies (260ms)
				LogAssemblyErrors (0ms)
				InitializePlatformSupportModulesInManaged (6ms)
				SetLoadedEditorAssemblies (0ms)
				RefreshPlugins (73ms)
				BeforeProcessingInitializeOnLoad (23ms)
				ProcessInitializeOnLoadAttributes (118ms)
				ProcessInitializeOnLoadMethodAttributes (40ms)
				AfterProcessingInitializeOnLoad (0ms)
				EditorAssembliesLoaded (0ms)
			ExecutionOrderSort2 (0ms)
			AwakeInstancesAfterBackupRestoration (0ms)
Platform modules already initialized, skipping
Registering precompiled user dll's ...
Registered in 0.004087 seconds.
Begin MonoManager ReloadAssembly
Native extension for WindowsStandalone target not found
Native extension for WebGL target not found
Refreshing native plugins compatible for Editor in 70.19 ms, found 3 plugins.
Preloading 0 native plugins for Editor in 0.00 ms.
Mono: successfully reloaded assembly
- Completed reload, in  1.624 seconds
Domain Reload Profiling:
	ReloadAssembly (1625ms)
		BeginReloadAssembly (234ms)
			ExecutionOrderSort (0ms)
			DisableScriptedObjects (8ms)
			BackupInstance (0ms)
			ReleaseScriptingObjects (0ms)
			CreateAndSetChildDomain (29ms)
		EndReloadAssembly (1312ms)
			LoadAssemblies (170ms)
			RebuildTransferFunctionScriptingTraits (0ms)
			SetupTypeCache (425ms)
			ReleaseScriptCaches (1ms)
			RebuildScriptCaches (71ms)
			SetupLoadedEditorAssemblies (519ms)
				LogAssemblyErrors (0ms)
				InitializePlatformSupportModulesInManaged (5ms)
				SetLoadedEditorAssemblies (0ms)
				RefreshPlugins (70ms)
				BeforeProcessingInitializeOnLoad (114ms)
				ProcessInitializeOnLoadAttributes (300ms)
				ProcessInitializeOnLoadMethodAttributes (25ms)
				AfterProcessingInitializeOnLoad (3ms)
				EditorAssembliesLoaded (0ms)
			ExecutionOrderSort2 (0ms)
			AwakeInstancesAfterBackupRestoration (9ms)
Platform modules already initialized, skipping
========================================================================
Worker process is ready to serve import requests
Launched and connected shader compiler UnityShaderCompiler.exe after 0.08 seconds
Refreshing native plugins compatible for Editor in 0.71 ms, found 3 plugins.
Preloading 0 native plugins for Editor in 0.00 ms.
Unloading 2308 Unused Serialized files (Serialized files now loaded: 0)
System memory in use before: 99.3 MB.
System memory in use after: 99.5 MB.

Unloading 38 unused Assets to reduce memory usage. Loaded Objects now: 2734.
Total: 4.212600 ms (FindLiveObjects: 0.271700 ms CreateObjectMapping: 0.079400 ms MarkObjects: 3.772300 ms  DeleteObjects: 0.087600 ms)

AssetImportParameters requested are different than current active one (requested -> active):
  custom:framework-win-MediaFoundation: 216162199b28c13a410421893ffa2e32 -> 
  custom:video-decoder-ogg-theora: a1e56fd34408186e4bbccfd4996cb3dc -> 
  custom:container-muxer-webm: aa71ff27fc2769a1b78a27578f13a17b -> 
  custom:container-demuxer-webm: 4f35f7cbe854078d1ac9338744f61a02 -> 
  custom:container-demuxer-ogg: 62fdf1f143b41e24485cea50d1cbac27 -> 
  custom:video-encoder-webm-vp8: eb34c28f22e8b96e1ab97ce403110664 -> 
  custom:video-decoder-webm-vp8: 9c59270c3fd7afecdb556c50c9e8de78 -> 
  custom:audio-decoder-ogg-vorbis: bf7c407c2cedff20999df2af8eb42d56 -> 
  custom:audio-encoder-webm-vorbis: bf7c407c2cedff20999df2af8eb42d56 -> 
========================================================================
Received Import Request.
  path: Assets/Scenes/SampleScene.unity
  artifactKey: Guid(2cda990e2423bbf4892e6590ba056729) Importer(815301076,1909f56bfc062723c751e8b465ee728b)
Start importing Assets/Scenes/SampleScene.unity using Guid(2cda990e2423bbf4892e6590ba056729) Importer(815301076,1909f56bfc062723c751e8b465ee728b)  -> (artifact id: '069df5e28c047a755ca052fec41f829b') in 0.023423 seconds 
  Import took 0.027951 seconds .

========================================================================
Received Import Request.
  Time since last request: 43.537086 seconds.
  path: Assets/Scripts/Move.cs
  artifactKey: Guid(fa953091a1a75fd4797f63a4afb908aa) Importer(815301076,1909f56bfc062723c751e8b465ee728b)
Start importing Assets/Scripts/Move.cs using Guid(fa953091a1a75fd4797f63a4afb908aa) Importer(815301076,1909f56bfc062723c751e8b465ee728b)  -> (artifact id: '4478e0d52a343be590146c16fe06a796') in 0.081233 seconds 
  Import took 0.085417 seconds .

========================================================================
Received Import Request.
  Time since last request: 111.064667 seconds.
  path: Assets/Scripts/Move.cs
  artifactKey: Guid(fa953091a1a75fd4797f63a4afb908aa) Importer(815301076,1909f56bfc062723c751e8b465ee728b)
Start importing Assets/Scripts/Move.cs using Guid(fa953091a1a75fd4797f63a4afb908aa) Importer(815301076,1909f56bfc062723c751e8b465ee728b)  -> (artifact id: 'dad5e2beafd924e59264bedebc42fefb') in 0.022033 seconds 
  Import took 0.029857 seconds .

========================================================================
Received Import Request.
  Time since last request: 12.988597 seconds.
  path: Assets/Scripts/Move.cs
  artifactKey: Guid(fa953091a1a75fd4797f63a4afb908aa) Importer(815301076,1909f56bfc062723c751e8b465ee728b)
Start importing Assets/Scripts/Move.cs using Guid(fa953091a1a75fd4797f63a4afb908aa) Importer(815301076,1909f56bfc062723c751e8b465ee728b)  -> (artifact id: '0055266e88e8db22e214524600db9bd3') in 0.014025 seconds 
  Import took 0.019010 seconds .

========================================================================
Received Import Request.
  Time since last request: 48.408074 seconds.
  path: Assets/Scripts/Move.cs
  artifactKey: Guid(fa953091a1a75fd4797f63a4afb908aa) Importer(815301076,1909f56bfc062723c751e8b465ee728b)
Start importing Assets/Scripts/Move.cs using Guid(fa953091a1a75fd4797f63a4afb908aa) Importer(815301076,1909f56bfc062723c751e8b465ee728b)  -> (artifact id: 'e2eccdf4078a558345fbb66ac356cbfe') in 0.013442 seconds 
  Import took 0.020370 seconds .

========================================================================
Received Import Request.
  Time since last request: 7.862880 seconds.
  path: Assets/Scripts/Move.cs
  artifactKey: Guid(fa953091a1a75fd4797f63a4afb908aa) Importer(815301076,1909f56bfc062723c751e8b465ee728b)
Start importing Assets/Scripts/Move.cs using Guid(fa953091a1a75fd4797f63a4afb908aa) Importer(815301076,1909f56bfc062723c751e8b465ee728b)  -> (artifact id: 'c25335dd2177e8f0a27982193ea7937a') in 0.009568 seconds 
  Import took 0.019838 seconds .

========================================================================
Received Import Request.
  Time since last request: 3.503347 seconds.
  path: Assets/Scripts/Move.cs
  artifactKey: Guid(fa953091a1a75fd4797f63a4afb908aa) Importer(815301076,1909f56bfc062723c751e8b465ee728b)
Start importing Assets/Scripts/Move.cs using Guid(fa953091a1a75fd4797f63a4afb908aa) Importer(815301076,1909f56bfc062723c751e8b465ee728b)  -> (artifact id: 'b791666dd5a77303963f0b43f2cc14ff') in 0.022468 seconds 
  Import took 0.029469 seconds .

========================================================================
Received Import Request.
  Time since last request: 11.102358 seconds.
  path: Assets/Scripts/Move.cs
  artifactKey: Guid(fa953091a1a75fd4797f63a4afb908aa) Importer(815301076,1909f56bfc062723c751e8b465ee728b)
Start importing Assets/Scripts/Move.cs using Guid(fa953091a1a75fd4797f63a4afb908aa) Importer(815301076,1909f56bfc062723c751e8b465ee728b)  -> (artifact id: '5938d3b71fcb82adde3ff95cfd3bb2da') in 0.009787 seconds 
  Import took 0.014106 seconds .

========================================================================
Received Import Request.
  Time since last request: 34.889445 seconds.
  path: Assets/Scripts/Move.cs
  artifactKey: Guid(fa953091a1a75fd4797f63a4afb908aa) Importer(815301076,1909f56bfc062723c751e8b465ee728b)
Start importing Assets/Scripts/Move.cs using Guid(fa953091a1a75fd4797f63a4afb908aa) Importer(815301076,1909f56bfc062723c751e8b465ee728b)  -> (artifact id: '41e42b0dbdc02fa65ab993d80833265e') in 0.012526 seconds 
  Import took 0.024524 seconds .

========================================================================
Received Import Request.
  Time since last request: 40.868394 seconds.
  path: Assets/Scripts/Move.cs
  artifactKey: Guid(fa953091a1a75fd4797f63a4afb908aa) Importer(815301076,1909f56bfc062723c751e8b465ee728b)
Start importing Assets/Scripts/Move.cs using Guid(fa953091a1a75fd4797f63a4afb908aa) Importer(815301076,1909f56bfc062723c751e8b465ee728b)  -> (artifact id: '2e0fc47e250b408db386ad07ca16a23a') in 0.010706 seconds 
  Import took 0.015631 seconds .

========================================================================
Received Import Request.
  Time since last request: 5.351230 seconds.
  path: Assets/Scripts/Move.cs
  artifactKey: Guid(fa953091a1a75fd4797f63a4afb908aa) Importer(815301076,1909f56bfc062723c751e8b465ee728b)
Start importing Assets/Scripts/Move.cs using Guid(fa953091a1a75fd4797f63a4afb908aa) Importer(815301076,1909f56bfc062723c751e8b465ee728b)  -> (artifact id: 'f7c465126d6a9cbba6c5334a943fc5c6') in 0.006895 seconds 
  Import took 0.014951 seconds .

========================================================================
Received Import Request.
  Time since last request: 31.937444 seconds.
  path: Assets/Scripts/Move.cs
  artifactKey: Guid(fa953091a1a75fd4797f63a4afb908aa) Importer(815301076,1909f56bfc062723c751e8b465ee728b)
Start importing Assets/Scripts/Move.cs using Guid(fa953091a1a75fd4797f63a4afb908aa) Importer(815301076,1909f56bfc062723c751e8b465ee728b)  -> (artifact id: 'c3a2664825ff5c9aa9b1a54e4983b2d1') in 0.017847 seconds 
  Import took 0.022954 seconds .

========================================================================
Received Import Request.
  Time since last request: 9.247109 seconds.
  path: Assets/Scripts/Move.cs
  artifactKey: Guid(fa953091a1a75fd4797f63a4afb908aa) Importer(815301076,1909f56bfc062723c751e8b465ee728b)
Start importing Assets/Scripts/Move.cs using Guid(fa953091a1a75fd4797f63a4afb908aa) Importer(815301076,1909f56bfc062723c751e8b465ee728b)  -> (artifact id: '68de26feec6e7911f813112b73d3cd1a') in 0.013899 seconds 
  Import took 0.020061 seconds .

========================================================================
Received Import Request.
  Time since last request: 7.398399 seconds.
  path: Assets/Scripts/Move.cs
  artifactKey: Guid(fa953091a1a75fd4797f63a4afb908aa) Importer(815301076,1909f56bfc062723c751e8b465ee728b)
Start importing Assets/Scripts/Move.cs using Guid(fa953091a1a75fd4797f63a4afb908aa) Importer(815301076,1909f56bfc062723c751e8b465ee728b)  -> (artifact id: 'c806eb2d08bd93f0833ef05cd47b7943') in 0.009352 seconds 
  Import took 0.015150 seconds .

========================================================================
Received Import Request.
  Time since last request: 15.832684 seconds.
  path: Assets/Scripts/Move.cs
  artifactKey: Guid(fa953091a1a75fd4797f63a4afb908aa) Importer(815301076,1909f56bfc062723c751e8b465ee728b)
Start importing Assets/Scripts/Move.cs using Guid(fa953091a1a75fd4797f63a4afb908aa) Importer(815301076,1909f56bfc062723c751e8b465ee728b)  -> (artifact id: '3f62ef594f5e4d33c2211d449f053722') in 0.008203 seconds 
  Import took 0.021762 seconds .

========================================================================
Received Import Request.
  Time since last request: 37.531321 seconds.
  path: Assets/Scripts/Move.cs
  artifactKey: Guid(fa953091a1a75fd4797f63a4afb908aa) Importer(815301076,1909f56bfc062723c751e8b465ee728b)
Start importing Assets/Scripts/Move.cs using Guid(fa953091a1a75fd4797f63a4afb908aa) Importer(815301076,1909f56bfc062723c751e8b465ee728b)  -> (artifact id: '93314614660df1592e42996e7a5e5327') in 0.018063 seconds 
  Import took 0.037599 seconds .

========================================================================
Received Import Request.
  Time since last request: 19.442831 seconds.
  path: Assets/Scripts/Move.cs
  artifactKey: Guid(fa953091a1a75fd4797f63a4afb908aa) Importer(815301076,1909f56bfc062723c751e8b465ee728b)
Start importing Assets/Scripts/Move.cs using Guid(fa953091a1a75fd4797f63a4afb908aa) Importer(815301076,1909f56bfc062723c751e8b465ee728b)  -> (artifact id: 'ab2bf4b0d5e3b479eefe51ffe5bdddb1') in 0.022363 seconds 
  Import took 0.026902 seconds .

========================================================================
Received Import Request.
  Time since last request: 19.525484 seconds.
  path: Assets/Scripts/Move.cs
  artifactKey: Guid(fa953091a1a75fd4797f63a4afb908aa) Importer(815301076,1909f56bfc062723c751e8b465ee728b)
Start importing Assets/Scripts/Move.cs using Guid(fa953091a1a75fd4797f63a4afb908aa) Importer(815301076,1909f56bfc062723c751e8b465ee728b)  -> (artifact id: 'd0505b700d16cd8ab18a6f01cd67e969') in 0.004901 seconds 
  Import took 0.021405 seconds .

========================================================================
Received Import Request.
  Time since last request: 26.174419 seconds.
  path: Assets/Scripts/Move.cs
  artifactKey: Guid(fa953091a1a75fd4797f63a4afb908aa) Importer(815301076,1909f56bfc062723c751e8b465ee728b)
Start importing Assets/Scripts/Move.cs using Guid(fa953091a1a75fd4797f63a4afb908aa) Importer(815301076,1909f56bfc062723c751e8b465ee728b)  -> (artifact id: 'd02cf24a33320fa617e0db7431ad3a08') in 0.011956 seconds 
  Import took 0.020431 seconds .

========================================================================
Received Import Request.
  Time since last request: 22.050416 seconds.
  path: Assets/Scripts/Move.cs
  artifactKey: Guid(fa953091a1a75fd4797f63a4afb908aa) Importer(815301076,1909f56bfc062723c751e8b465ee728b)
Start importing Assets/Scripts/Move.cs using Guid(fa953091a1a75fd4797f63a4afb908aa) Importer(815301076,1909f56bfc062723c751e8b465ee728b)  -> (artifact id: '0e99291f42c0f5c77f6ed3dbbe14b3d0') in 0.009546 seconds 
  Import took 0.013817 seconds .

========================================================================
Received Import Request.
  Time since last request: 53.588978 seconds.
  path: Assets/Scripts/Move.cs
  artifactKey: Guid(fa953091a1a75fd4797f63a4afb908aa) Importer(815301076,1909f56bfc062723c751e8b465ee728b)
Start importing Assets/Scripts/Move.cs using Guid(fa953091a1a75fd4797f63a4afb908aa) Importer(815301076,1909f56bfc062723c751e8b465ee728b)  -> (artifact id: '52d338feb048f43f90e677a7e79f6ee2') in 0.011990 seconds 
  Import took 0.019599 seconds .

========================================================================
Received Import Request.
  Time since last request: 2.286417 seconds.
  path: Assets/Scripts/Move.cs
  artifactKey: Guid(fa953091a1a75fd4797f63a4afb908aa) Importer(815301076,1909f56bfc062723c751e8b465ee728b)
Start importing Assets/Scripts/Move.cs using Guid(fa953091a1a75fd4797f63a4afb908aa) Importer(815301076,1909f56bfc062723c751e8b465ee728b)  -> (artifact id: 'd0a1f7e14dbadb86e89283dd0ad05078') in 0.010979 seconds 
  Import took 0.015050 seconds .

========================================================================
Received Import Request.
  Time since last request: 10.626853 seconds.
  path: Assets/Scripts/Move.cs
  artifactKey: Guid(fa953091a1a75fd4797f63a4afb908aa) Importer(815301076,1909f56bfc062723c751e8b465ee728b)
Start importing Assets/Scripts/Move.cs using Guid(fa953091a1a75fd4797f63a4afb908aa) Importer(815301076,1909f56bfc062723c751e8b465ee728b)  -> (artifact id: '93120ab9523d68ce66508d2e2d019e33') in 0.009845 seconds 
  Import took 0.014799 seconds .

========================================================================
Received Import Request.
  Time since last request: 6.661081 seconds.
  path: Assets/Scripts/Move.cs
  artifactKey: Guid(fa953091a1a75fd4797f63a4afb908aa) Importer(815301076,1909f56bfc062723c751e8b465ee728b)
Start importing Assets/Scripts/Move.cs using Guid(fa953091a1a75fd4797f63a4afb908aa) Importer(815301076,1909f56bfc062723c751e8b465ee728b)  -> (artifact id: '865210c2bbecac4e2ca17297c2b1c713') in 0.012144 seconds 
  Import took 0.017665 seconds .

========================================================================
Received Import Request.
  Time since last request: 16.038244 seconds.
  path: Assets/Scripts/Move.cs
  artifactKey: Guid(fa953091a1a75fd4797f63a4afb908aa) Importer(815301076,1909f56bfc062723c751e8b465ee728b)
Start importing Assets/Scripts/Move.cs using Guid(fa953091a1a75fd4797f63a4afb908aa) Importer(815301076,1909f56bfc062723c751e8b465ee728b)  -> (artifact id: '45ebbdad2bd494b3d56112e355db49f7') in 0.005383 seconds 
  Import took 0.024385 seconds .

========================================================================
Received Import Request.
  Time since last request: 6.960804 seconds.
  path: Assets/Scripts/Move.cs
  artifactKey: Guid(fa953091a1a75fd4797f63a4afb908aa) Importer(815301076,1909f56bfc062723c751e8b465ee728b)
Start importing Assets/Scripts/Move.cs using Guid(fa953091a1a75fd4797f63a4afb908aa) Importer(815301076,1909f56bfc062723c751e8b465ee728b)  -> (artifact id: 'fd3133c331f7c6cb10dc70aca567f6c0') in 0.019877 seconds 
  Import took 0.024198 seconds .

========================================================================
Received Import Request.
  Time since last request: 209.190600 seconds.
  path: Assets/Scripts/Move.cs
  artifactKey: Guid(fa953091a1a75fd4797f63a4afb908aa) Importer(815301076,1909f56bfc062723c751e8b465ee728b)
Start importing Assets/Scripts/Move.cs using Guid(fa953091a1a75fd4797f63a4afb908aa) Importer(815301076,1909f56bfc062723c751e8b465ee728b)  -> (artifact id: '9bf32bbe6e486e13ac27eaf3c655d50e') in 0.013137 seconds 
  Import took 0.020461 seconds .

========================================================================
Received Prepare
Registering precompiled user dll's ...
Registered in 0.054147 seconds.
Begin MonoManager ReloadAssembly
Native extension for WindowsStandalone target not found
Native extension for WebGL target not found
Refreshing native plugins compatible for Editor in 0.85 ms, found 3 plugins.
Preloading 0 native plugins for Editor in 0.00 ms.
Mono: successfully reloaded assembly
- Completed reload, in  1.474 seconds
Domain Reload Profiling:
	ReloadAssembly (1475ms)
		BeginReloadAssembly (180ms)
			ExecutionOrderSort (0ms)
			DisableScriptedObjects (10ms)
			BackupInstance (0ms)
			ReleaseScriptingObjects (0ms)
			CreateAndSetChildDomain (54ms)
		EndReloadAssembly (1208ms)
			LoadAssemblies (164ms)
			RebuildTransferFunctionScriptingTraits (0ms)
			SetupTypeCache (403ms)
			ReleaseScriptCaches (1ms)
			RebuildScriptCaches (60ms)
			SetupLoadedEditorAssemblies (430ms)
				LogAssemblyErrors (0ms)
				InitializePlatformSupportModulesInManaged (9ms)
				SetLoadedEditorAssemblies (2ms)
				RefreshPlugins (1ms)
				BeforeProcessingInitializeOnLoad (121ms)
				ProcessInitializeOnLoadAttributes (278ms)
				ProcessInitializeOnLoadMethodAttributes (16ms)
				AfterProcessingInitializeOnLoad (2ms)
				EditorAssembliesLoaded (0ms)
			ExecutionOrderSort2 (0ms)
			AwakeInstancesAfterBackupRestoration (13ms)
Platform modules already initialized, skipping
Switching build target platform(19) subTarget(0) extendedPlatform(0) -> platform(13) subTarget(537395200) extendedPlatform(0)
Refreshing native plugins compatible for Editor in 0.76 ms, found 3 plugins.
Preloading 0 native plugins for Editor in 0.00 ms.
Unloading 2300 Unused Serialized files (Serialized files now loaded: 0)
System memory in use before: 98.8 MB.
System memory in use after: 99.0 MB.

Unloading 27 unused Assets to reduce memory usage. Loaded Objects now: 2736.
Total: 4.545200 ms (FindLiveObjects: 0.250800 ms CreateObjectMapping: 0.078500 ms MarkObjects: 4.178600 ms  DeleteObjects: 0.035900 ms)

AssetImportParameters requested are different than current active one (requested -> active):
  custom:framework-win-MediaFoundation: 216162199b28c13a410421893ffa2e32 -> 
  custom:video-decoder-ogg-theora: a1e56fd34408186e4bbccfd4996cb3dc -> 
  custom:container-muxer-webm: aa71ff27fc2769a1b78a27578f13a17b -> 
  custom:container-demuxer-webm: 4f35f7cbe854078d1ac9338744f61a02 -> 
  custom:container-demuxer-ogg: 62fdf1f143b41e24485cea50d1cbac27 -> 
  custom:video-encoder-webm-vp8: eb34c28f22e8b96e1ab97ce403110664 -> 
  custom:video-decoder-webm-vp8: 9c59270c3fd7afecdb556c50c9e8de78 -> 
  custom:graphics/normal-map-encoding: 01000000000000000000000000000000 -> 02000000000000000000000000000000
  custom:audio-decoder-ogg-vorbis: bf7c407c2cedff20999df2af8eb42d56 -> 
  custom:audio-encoder-webm-vorbis: bf7c407c2cedff20999df2af8eb42d56 -> 
========================================================================
Received Prepare
Registering precompiled user dll's ...
Registered in 0.004531 seconds.
Begin MonoManager ReloadAssembly
Native extension for WindowsStandalone target not found
Native extension for WebGL target not found
Refreshing native plugins compatible for Editor in 0.77 ms, found 3 plugins.
Preloading 0 native plugins for Editor in 0.00 ms.
Mono: successfully reloaded assembly
- Completed reload, in  1.546 seconds
Domain Reload Profiling:
	ReloadAssembly (1547ms)
		BeginReloadAssembly (179ms)
			ExecutionOrderSort (0ms)
			DisableScriptedObjects (9ms)
			BackupInstance (0ms)
			ReleaseScriptingObjects (0ms)
			CreateAndSetChildDomain (44ms)
		EndReloadAssembly (1290ms)
			LoadAssemblies (173ms)
			RebuildTransferFunctionScriptingTraits (0ms)
			SetupTypeCache (432ms)
			ReleaseScriptCaches (1ms)
			RebuildScriptCaches (57ms)
			SetupLoadedEditorAssemblies (516ms)
				LogAssemblyErrors (0ms)
				InitializePlatformSupportModulesInManaged (7ms)
				SetLoadedEditorAssemblies (1ms)
				RefreshPlugins (1ms)
				BeforeProcessingInitializeOnLoad (125ms)
				ProcessInitializeOnLoadAttributes (364ms)
				ProcessInitializeOnLoadMethodAttributes (17ms)
				AfterProcessingInitializeOnLoad (3ms)
				EditorAssembliesLoaded (0ms)
			ExecutionOrderSort2 (0ms)
			AwakeInstancesAfterBackupRestoration (13ms)
Platform modules already initialized, skipping
Switching build target platform(19) subTarget(0) extendedPlatform(0) -> platform(13) subTarget(537395200) extendedPlatform(0)
Refreshing native plugins compatible for Editor in 3.57 ms, found 3 plugins.
Preloading 0 native plugins for Editor in 0.00 ms.
Unloading 2300 Unused Serialized files (Serialized files now loaded: 0)
System memory in use before: 98.8 MB.
System memory in use after: 99.0 MB.

Unloading 27 unused Assets to reduce memory usage. Loaded Objects now: 2738.
Total: 4.310100 ms (FindLiveObjects: 0.262300 ms CreateObjectMapping: 0.105200 ms MarkObjects: 3.911100 ms  DeleteObjects: 0.030000 ms)

AssetImportParameters requested are different than current active one (requested -> active):
  custom:framework-win-MediaFoundation: 216162199b28c13a410421893ffa2e32 -> 
  custom:video-decoder-ogg-theora: a1e56fd34408186e4bbccfd4996cb3dc -> 
  custom:container-muxer-webm: aa71ff27fc2769a1b78a27578f13a17b -> 
  custom:container-demuxer-webm: 4f35f7cbe854078d1ac9338744f61a02 -> 
  custom:container-demuxer-ogg: 62fdf1f143b41e24485cea50d1cbac27 -> 
  custom:video-encoder-webm-vp8: eb34c28f22e8b96e1ab97ce403110664 -> 
  custom:video-decoder-webm-vp8: 9c59270c3fd7afecdb556c50c9e8de78 -> 
  custom:graphics/normal-map-encoding: 01000000000000000000000000000000 -> 02000000000000000000000000000000
  custom:audio-decoder-ogg-vorbis: bf7c407c2cedff20999df2af8eb42d56 -> 
  custom:audio-encoder-webm-vorbis: bf7c407c2cedff20999df2af8eb42d56 -> 
========================================================================
Received Prepare
Registering precompiled user dll's ...
Registered in 0.003680 seconds.
Begin MonoManager ReloadAssembly
Native extension for WindowsStandalone target not found
Native extension for WebGL target not found
Refreshing native plugins compatible for Editor in 0.77 ms, found 3 plugins.
Preloading 0 native plugins for Editor in 0.00 ms.
Mono: successfully reloaded assembly
- Completed reload, in  1.572 seconds
Domain Reload Profiling:
	ReloadAssembly (1573ms)
		BeginReloadAssembly (183ms)
			ExecutionOrderSort (0ms)
			DisableScriptedObjects (9ms)
			BackupInstance (0ms)
			ReleaseScriptingObjects (0ms)
			CreateAndSetChildDomain (45ms)
		EndReloadAssembly (1311ms)
			LoadAssemblies (174ms)
			RebuildTransferFunctionScriptingTraits (0ms)
			SetupTypeCache (412ms)
			ReleaseScriptCaches (1ms)
			RebuildScriptCaches (61ms)
			SetupLoadedEditorAssemblies (530ms)
				LogAssemblyErrors (0ms)
				InitializePlatformSupportModulesInManaged (7ms)
				SetLoadedEditorAssemblies (1ms)
				RefreshPlugins (1ms)
				BeforeProcessingInitializeOnLoad (107ms)
				ProcessInitializeOnLoadAttributes (397ms)
				ProcessInitializeOnLoadMethodAttributes (15ms)
				AfterProcessingInitializeOnLoad (2ms)
				EditorAssembliesLoaded (0ms)
			ExecutionOrderSort2 (0ms)
			AwakeInstancesAfterBackupRestoration (12ms)
Platform modules already initialized, skipping
Switching build target platform(19) subTarget(0) extendedPlatform(0) -> platform(13) subTarget(537395200) extendedPlatform(0)
Refreshing native plugins compatible for Editor in 0.76 ms, found 3 plugins.
Preloading 0 native plugins for Editor in 0.00 ms.
Unloading 2300 Unused Serialized files (Serialized files now loaded: 0)
System memory in use before: 98.8 MB.
System memory in use after: 99.0 MB.

Unloading 27 unused Assets to reduce memory usage. Loaded Objects now: 2740.
Total: 4.291300 ms (FindLiveObjects: 0.263300 ms CreateObjectMapping: 0.092700 ms MarkObjects: 3.900900 ms  DeleteObjects: 0.032800 ms)

AssetImportParameters requested are different than current active one (requested -> active):
  custom:framework-win-MediaFoundation: 216162199b28c13a410421893ffa2e32 -> 
  custom:video-decoder-ogg-theora: a1e56fd34408186e4bbccfd4996cb3dc -> 
  custom:container-muxer-webm: aa71ff27fc2769a1b78a27578f13a17b -> 
  custom:container-demuxer-webm: 4f35f7cbe854078d1ac9338744f61a02 -> 
  custom:container-demuxer-ogg: 62fdf1f143b41e24485cea50d1cbac27 -> 
  custom:video-encoder-webm-vp8: eb34c28f22e8b96e1ab97ce403110664 -> 
  custom:video-decoder-webm-vp8: 9c59270c3fd7afecdb556c50c9e8de78 -> 
  custom:graphics/normal-map-encoding: 01000000000000000000000000000000 -> 02000000000000000000000000000000
  custom:audio-decoder-ogg-vorbis: bf7c407c2cedff20999df2af8eb42d56 -> 
  custom:audio-encoder-webm-vorbis: bf7c407c2cedff20999df2af8eb42d56 -> 
========================================================================
Received Prepare
Registering precompiled user dll's ...
Registered in 0.003986 seconds.
Begin MonoManager ReloadAssembly
Native extension for WindowsStandalone target not found
Native extension for WebGL target not found
Refreshing native plugins compatible for Editor in 0.84 ms, found 3 plugins.
Preloading 0 native plugins for Editor in 0.00 ms.
Mono: successfully reloaded assembly
- Completed reload, in  1.770 seconds
Domain Reload Profiling:
	ReloadAssembly (1770ms)
		BeginReloadAssembly (160ms)
			ExecutionOrderSort (0ms)
			DisableScriptedObjects (9ms)
			BackupInstance (0ms)
			ReleaseScriptingObjects (0ms)
			CreateAndSetChildDomain (41ms)
		EndReloadAssembly (1418ms)
			LoadAssemblies (177ms)
			RebuildTransferFunctionScriptingTraits (0ms)
			SetupTypeCache (606ms)
			ReleaseScriptCaches (1ms)
			RebuildScriptCaches (57ms)
			SetupLoadedEditorAssemblies (455ms)
				LogAssemblyErrors (0ms)
				InitializePlatformSupportModulesInManaged (6ms)
				SetLoadedEditorAssemblies (1ms)
				RefreshPlugins (1ms)
				BeforeProcessingInitializeOnLoad (130ms)
				ProcessInitializeOnLoadAttributes (300ms)
				ProcessInitializeOnLoadMethodAttributes (15ms)
				AfterProcessingInitializeOnLoad (2ms)
				EditorAssembliesLoaded (0ms)
			ExecutionOrderSort2 (0ms)
			AwakeInstancesAfterBackupRestoration (13ms)
Platform modules already initialized, skipping
Switching build target platform(19) subTarget(0) extendedPlatform(0) -> platform(13) subTarget(537395200) extendedPlatform(0)
Refreshing native plugins compatible for Editor in 0.76 ms, found 3 plugins.
Preloading 0 native plugins for Editor in 0.00 ms.
Unloading 2300 Unused Serialized files (Serialized files now loaded: 0)
System memory in use before: 98.8 MB.
System memory in use after: 99.1 MB.

Unloading 27 unused Assets to reduce memory usage. Loaded Objects now: 2742.
Total: 4.137300 ms (FindLiveObjects: 0.262800 ms CreateObjectMapping: 0.077100 ms MarkObjects: 3.761700 ms  DeleteObjects: 0.034100 ms)

AssetImportParameters requested are different than current active one (requested -> active):
  custom:framework-win-MediaFoundation: 216162199b28c13a410421893ffa2e32 -> 
  custom:video-decoder-ogg-theora: a1e56fd34408186e4bbccfd4996cb3dc -> 
  custom:container-muxer-webm: aa71ff27fc2769a1b78a27578f13a17b -> 
  custom:container-demuxer-webm: 4f35f7cbe854078d1ac9338744f61a02 -> 
  custom:container-demuxer-ogg: 62fdf1f143b41e24485cea50d1cbac27 -> 
  custom:video-encoder-webm-vp8: eb34c28f22e8b96e1ab97ce403110664 -> 
  custom:video-decoder-webm-vp8: 9c59270c3fd7afecdb556c50c9e8de78 -> 
  custom:graphics/normal-map-encoding: 01000000000000000000000000000000 -> 02000000000000000000000000000000
  custom:audio-decoder-ogg-vorbis: bf7c407c2cedff20999df2af8eb42d56 -> 
  custom:audio-encoder-webm-vorbis: bf7c407c2cedff20999df2af8eb42d56 -> 
========================================================================
Received Prepare
Registering precompiled user dll's ...
Registered in 0.003972 seconds.
Begin MonoManager ReloadAssembly
Native extension for WindowsStandalone target not found
Native extension for WebGL target not found
Refreshing native plugins compatible for Editor in 0.73 ms, found 3 plugins.
Preloading 0 native plugins for Editor in 0.00 ms.
Mono: successfully reloaded assembly
- Completed reload, in  1.993 seconds
Domain Reload Profiling:
	ReloadAssembly (1994ms)
		BeginReloadAssembly (219ms)
			ExecutionOrderSort (0ms)
			DisableScriptedObjects (10ms)
			BackupInstance (0ms)
			ReleaseScriptingObjects (0ms)
			CreateAndSetChildDomain (48ms)
		EndReloadAssembly (1226ms)
			LoadAssemblies (219ms)
			RebuildTransferFunctionScriptingTraits (0ms)
			SetupTypeCache (454ms)
			ReleaseScriptCaches (1ms)
			RebuildScriptCaches (56ms)
			SetupLoadedEditorAssemblies (405ms)
				LogAssemblyErrors (0ms)
				InitializePlatformSupportModulesInManaged (7ms)
				SetLoadedEditorAssemblies (1ms)
				RefreshPlugins (1ms)
				BeforeProcessingInitializeOnLoad (109ms)
				ProcessInitializeOnLoadAttributes (267ms)
				ProcessInitializeOnLoadMethodAttributes (18ms)
				AfterProcessingInitializeOnLoad (2ms)
				EditorAssembliesLoaded (0ms)
			ExecutionOrderSort2 (0ms)
			AwakeInstancesAfterBackupRestoration (18ms)
Platform modules already initialized, skipping
Switching build target platform(19) subTarget(0) extendedPlatform(0) -> platform(13) subTarget(537395200) extendedPlatform(0)
Refreshing native plugins compatible for Editor in 0.71 ms, found 3 plugins.
Preloading 0 native plugins for Editor in 0.00 ms.
Unloading 2300 Unused Serialized files (Serialized files now loaded: 0)
System memory in use before: 98.8 MB.
System memory in use after: 99.0 MB.

Unloading 27 unused Assets to reduce memory usage. Loaded Objects now: 2744.
Total: 3.812700 ms (FindLiveObjects: 0.261700 ms CreateObjectMapping: 0.078200 ms MarkObjects: 3.442700 ms  DeleteObjects: 0.028900 ms)

AssetImportParameters requested are different than current active one (requested -> active):
  custom:framework-win-MediaFoundation: 216162199b28c13a410421893ffa2e32 -> 
  custom:video-decoder-ogg-theora: a1e56fd34408186e4bbccfd4996cb3dc -> 
  custom:container-muxer-webm: aa71ff27fc2769a1b78a27578f13a17b -> 
  custom:container-demuxer-webm: 4f35f7cbe854078d1ac9338744f61a02 -> 
  custom:container-demuxer-ogg: 62fdf1f143b41e24485cea50d1cbac27 -> 
  custom:video-encoder-webm-vp8: eb34c28f22e8b96e1ab97ce403110664 -> 
  custom:video-decoder-webm-vp8: 9c59270c3fd7afecdb556c50c9e8de78 -> 
  custom:graphics/normal-map-encoding: 01000000000000000000000000000000 -> 02000000000000000000000000000000
  custom:audio-decoder-ogg-vorbis: bf7c407c2cedff20999df2af8eb42d56 -> 
  custom:audio-encoder-webm-vorbis: bf7c407c2cedff20999df2af8eb42d56 -> 
========================================================================
Received Prepare
Registering precompiled user dll's ...
Registered in 0.003959 seconds.
Begin MonoManager ReloadAssembly
Native extension for WindowsStandalone target not found
Native extension for WebGL target not found
Refreshing native plugins compatible for Editor in 0.97 ms, found 3 plugins.
Preloading 0 native plugins for Editor in 0.00 ms.
Mono: successfully reloaded assembly
- Completed reload, in  2.230 seconds
Domain Reload Profiling:
	ReloadAssembly (2231ms)
		BeginReloadAssembly (277ms)
			ExecutionOrderSort (0ms)
			DisableScriptedObjects (21ms)
			BackupInstance (0ms)
			ReleaseScriptingObjects (0ms)
			CreateAndSetChildDomain (81ms)
		EndReloadAssembly (1797ms)
			LoadAssemblies (268ms)
			RebuildTransferFunctionScriptingTraits (0ms)
			SetupTypeCache (596ms)
			ReleaseScriptCaches (2ms)
			RebuildScriptCaches (93ms)
			SetupLoadedEditorAssemblies (663ms)
				LogAssemblyErrors (0ms)
				InitializePlatformSupportModulesInManaged (11ms)
				SetLoadedEditorAssemblies (1ms)
				RefreshPlugins (1ms)
				BeforeProcessingInitializeOnLoad (163ms)
				ProcessInitializeOnLoadAttributes (458ms)
				ProcessInitializeOnLoadMethodAttributes (25ms)
				AfterProcessingInitializeOnLoad (3ms)
				EditorAssembliesLoaded (0ms)
			ExecutionOrderSort2 (0ms)
			AwakeInstancesAfterBackupRestoration (19ms)
Platform modules already initialized, skipping
Switching build target platform(19) subTarget(0) extendedPlatform(0) -> platform(13) subTarget(537395200) extendedPlatform(0)
Refreshing native plugins compatible for Editor in 0.84 ms, found 3 plugins.
Preloading 0 native plugins for Editor in 0.00 ms.
Unloading 2300 Unused Serialized files (Serialized files now loaded: 0)
System memory in use before: 98.9 MB.
System memory in use after: 99.1 MB.

Unloading 27 unused Assets to reduce memory usage. Loaded Objects now: 2746.
Total: 7.019200 ms (FindLiveObjects: 1.023100 ms CreateObjectMapping: 0.249200 ms MarkObjects: 5.713400 ms  DeleteObjects: 0.031900 ms)

AssetImportParameters requested are different than current active one (requested -> active):
  custom:framework-win-MediaFoundation: 216162199b28c13a410421893ffa2e32 -> 
  custom:video-decoder-ogg-theora: a1e56fd34408186e4bbccfd4996cb3dc -> 
  custom:container-muxer-webm: aa71ff27fc2769a1b78a27578f13a17b -> 
  custom:container-demuxer-webm: 4f35f7cbe854078d1ac9338744f61a02 -> 
  custom:container-demuxer-ogg: 62fdf1f143b41e24485cea50d1cbac27 -> 
  custom:video-encoder-webm-vp8: eb34c28f22e8b96e1ab97ce403110664 -> 
  custom:video-decoder-webm-vp8: 9c59270c3fd7afecdb556c50c9e8de78 -> 
  custom:graphics/normal-map-encoding: 01000000000000000000000000000000 -> 02000000000000000000000000000000
  custom:audio-decoder-ogg-vorbis: bf7c407c2cedff20999df2af8eb42d56 -> 
  custom:audio-encoder-webm-vorbis: bf7c407c2cedff20999df2af8eb42d56 -> 
AssetImportWorkerClient::OnTransportError - code=2 error=End of file
